#
# There is insufficient memory for the Java Runtime Environment to continue.
# Native memory allocation (mmap) failed to map 123731968 bytes for G1 virtual space
# Possible reasons:
#   The system is out of physical RAM or swap space
#   The process is running with CompressedOops enabled, and the Java Heap may be blocking the growth of the native heap
# Possible solutions:
#   Reduce memory load on the system
#   Increase physical memory or swap space
#   Check if swap backing store is full
#   Decrease Java heap size (-Xmx/-Xms)
#   Decrease number of Java threads
#   Decrease Java thread stack sizes (-Xss)
#   Set larger code cache with -XX:ReservedCodeCacheSize=
#   JVM is running with Unscaled Compressed Oops mode in which the Java heap is
#     placed in the first 4GB address space. The Java Heap base address is the
#     maximum limit for the native heap growth. Please use -XX:HeapBaseMinAddress
#     to set the Java Heap base and to place the Java Heap above 4GB virtual address.
# This output file may be truncated or incomplete.
#
#  Out of Memory Error (os_windows.cpp:3469), pid=5332, tid=6776
#
# JRE version:  (17.0.1+12) (build )
# Java VM: Java HotSpot(TM) 64-Bit Server VM (17.0.1+12-LTS-39, mixed mode, sharing, tiered, compressed oops, compressed class ptrs, g1 gc, windows-amd64)
# No core dump will be written. Minidumps are not enabled by default on client versions of Windows
#

---------------  S U M M A R Y ------------

Command Line: 

Host: AMD Ryzen 5 4600H with Radeon Graphics         , 12 cores, 7G,  Windows 10 , 64 bit Build 22621 (10.0.22621.5415)
Time: Sun Jul  6 15:22:28 2025 India Standard Time elapsed time: 0.025717 seconds (0d 0h 0m 0s)

---------------  T H R E A D  ---------------

Current thread (0x000001531b314010):  JavaThread "Unknown thread" [_thread_in_vm, id=6776, stack(0x0000000a2ef00000,0x0000000a2f000000)]

Stack: [0x0000000a2ef00000,0x0000000a2f000000]
Native frames: (J=compiled Java code, j=interpreted, Vv=VM code, C=native code)
V  [jvm.dll+0x66fa1a]
V  [jvm.dll+0x7ce5a4]
V  [jvm.dll+0x7cfd4e]
V  [jvm.dll+0x7d03b3]
V  [jvm.dll+0x242b05]
V  [jvm.dll+0x66ca39]
V  [jvm.dll+0x661502]
V  [jvm.dll+0x30081b]
V  [jvm.dll+0x307da6]
V  [jvm.dll+0x357a1e]
V  [jvm.dll+0x357c4f]
V  [jvm.dll+0x2d7ad8]
V  [jvm.dll+0x2d8a44]
V  [jvm.dll+0x7a01e1]
V  [jvm.dll+0x365791]
V  [jvm.dll+0x77f6cc]
V  [jvm.dll+0x3e812f]
V  [jvm.dll+0x3e9bd1]
C  [jli.dll+0x527b]
C  [ucrtbase.dll+0x29333]
C  [KERNEL32.DLL+0x1259d]
C  [ntdll.dll+0x5af78]


---------------  P R O C E S S  ---------------

Threads class SMR info:
_java_thread_list=0x00007ffabff47818, length=0, elements={
}

Java Threads: ( => current thread )

Other Threads:
  0x000001531b352e70 GCTaskThread "GC Thread#0" [stack: 0x0000000a2f000000,0x0000000a2f100000] [id=23648]
  0x000001531b3629b0 ConcurrentGCThread "G1 Main Marker" [stack: 0x0000000a2f100000,0x0000000a2f200000] [id=9916]
  0x000001531b3633c0 ConcurrentGCThread "G1 Conc#0" [stack: 0x0000000a2f200000,0x0000000a2f300000] [id=7144]

[error occurred during error reporting (printing all threads), id 0xc0000005, EXCEPTION_ACCESS_VIOLATION (0xc0000005) at pc=0x00007ffabf7984b7]

VM state: not at safepoint (not fully initialized)

VM Mutex/Monitor currently owned by a thread:  ([mutex/lock_event])
[0x000001531b311690] Heap_lock - owner thread: 0x000001531b314010

Heap address: 0x000000008a000000, size: 1888 MB, Compressed Oops mode: 32-bit

CDS archive(s) mapped at: [0x0000000000000000-0x0000000000000000-0x0000000000000000), size 0, SharedBaseAddress: 0x0000000800000000, ArchiveRelocationMode: 0.
Narrow klass base: 0x0000000000000000, Narrow klass shift: 0, Narrow klass range: 0x0

GC Precious Log:
<Empty>

Heap:
 garbage-first heap   total 0K, used 0K [0x000000008a000000, 0x0000000100000000)
  region size 1024K, 0 young (0K), 0 survivors (0K)

[error occurred during error reporting (printing heap information), id 0xc0000005, EXCEPTION_ACCESS_VIOLATION (0xc0000005) at pc=0x00007ffabfb78d89]

GC Heap History (0 events):
No events

Deoptimization events (0 events):
No events

Classes unloaded (0 events):
No events

Classes redefined (0 events):
No events

Internal exceptions (0 events):
No events

VM Operations (0 events):
No events

Events (1 events):
Event: 0.011 Loaded shared library C:\Program Files\Java\jdk-17.0.1\bin\java.dll


Dynamic libraries:
0x00007ff61bf50000 - 0x00007ff61bf60000 	C:\Program Files\Java\jdk-17.0.1\bin\java.exe
0x00007ffb0c390000 - 0x00007ffb0c5a7000 	C:\WINDOWS\SYSTEM32\ntdll.dll
0x00007ffb0a930000 - 0x00007ffb0a9f4000 	C:\WINDOWS\System32\KERNEL32.DLL
0x00007ffb096f0000 - 0x00007ffb09ac2000 	C:\WINDOWS\System32\KERNELBASE.dll
0x00007ffb09b70000 - 0x00007ffb09c81000 	C:\WINDOWS\System32\ucrtbase.dll
0x00007ffaff130000 - 0x00007ffaff148000 	C:\Program Files\Java\jdk-17.0.1\bin\jli.dll
0x00007ffb0a190000 - 0x00007ffb0a241000 	C:\WINDOWS\System32\ADVAPI32.dll
0x00007ffb0bda0000 - 0x00007ffb0be47000 	C:\WINDOWS\System32\msvcrt.dll
0x00007ffb0b440000 - 0x00007ffb0b4e8000 	C:\WINDOWS\System32\sechost.dll
0x00007ffb09e80000 - 0x00007ffb09ea8000 	C:\WINDOWS\System32\bcrypt.dll
0x00007ffb0a060000 - 0x00007ffb0a174000 	C:\WINDOWS\System32\RPCRT4.dll
0x00007ffb0bea0000 - 0x00007ffb0c051000 	C:\WINDOWS\System32\USER32.dll
0x00007ffb09ff0000 - 0x00007ffb0a016000 	C:\WINDOWS\System32\win32u.dll
0x00007ffb027f0000 - 0x00007ffb0280a000 	C:\Program Files\Java\jdk-17.0.1\bin\VCRUNTIME140.dll
0x00007ffb0c2c0000 - 0x00007ffb0c2e9000 	C:\WINDOWS\System32\GDI32.dll
0x00007ffb095c0000 - 0x00007ffb096e3000 	C:\WINDOWS\System32\gdi32full.dll
0x00007ffb09ad0000 - 0x00007ffb09b6a000 	C:\WINDOWS\System32\msvcp_win.dll
0x00007ffafb1b0000 - 0x00007ffafb44b000 	C:\WINDOWS\WinSxS\amd64_microsoft.windows.common-controls_6595b64144ccf1df_6.0.22621.5547_none_27104afb73855772\COMCTL32.dll
0x00007ffb031d0000 - 0x00007ffb031da000 	C:\WINDOWS\SYSTEM32\VERSION.dll
0x00007ffb0a020000 - 0x00007ffb0a051000 	C:\WINDOWS\System32\IMM32.DLL
0x00007ffafeaa0000 - 0x00007ffafeaac000 	C:\Program Files\Java\jdk-17.0.1\bin\vcruntime140_1.dll
0x00007ffae4170000 - 0x00007ffae41fd000 	C:\Program Files\Java\jdk-17.0.1\bin\msvcp140.dll
0x00007ffabf4b0000 - 0x00007ffac006e000 	C:\Program Files\Java\jdk-17.0.1\bin\server\jvm.dll
0x00007ffb0a180000 - 0x00007ffb0a188000 	C:\WINDOWS\System32\PSAPI.DLL
0x00007ffb05260000 - 0x00007ffb05294000 	C:\WINDOWS\SYSTEM32\WINMM.dll
0x00007ffa96630000 - 0x00007ffa96639000 	C:\WINDOWS\SYSTEM32\WSOCK32.dll
0x00007ffb0c240000 - 0x00007ffb0c2b1000 	C:\WINDOWS\System32\WS2_32.dll
0x00007ffb084b0000 - 0x00007ffb084c8000 	C:\WINDOWS\SYSTEM32\kernel.appcore.dll
0x00007ffafe5f0000 - 0x00007ffafe5fa000 	C:\Program Files\Java\jdk-17.0.1\bin\jimage.dll
0x00007ffb06fe0000 - 0x00007ffb07213000 	C:\WINDOWS\SYSTEM32\DBGHELP.DLL
0x00007ffb0ab80000 - 0x00007ffb0af13000 	C:\WINDOWS\System32\combase.dll
0x00007ffb0b220000 - 0x00007ffb0b2f7000 	C:\WINDOWS\System32\OLEAUT32.dll
0x00007ffaffd40000 - 0x00007ffaffd72000 	C:\WINDOWS\SYSTEM32\dbgcore.DLL
0x00007ffb09480000 - 0x00007ffb094fb000 	C:\WINDOWS\System32\bcryptPrimitives.dll
0x00007ffafcde0000 - 0x00007ffafce05000 	C:\Program Files\Java\jdk-17.0.1\bin\java.dll

dbghelp: loaded successfully - version: 4.0.5 - missing functions: none
symbol engine: initialized successfully - sym options: 0x614 - pdb path: .;C:\Program Files\Java\jdk-17.0.1\bin;C:\WINDOWS\SYSTEM32;C:\WINDOWS\WinSxS\amd64_microsoft.windows.common-controls_6595b64144ccf1df_6.0.22621.5547_none_27104afb73855772;C:\Program Files\Java\jdk-17.0.1\bin\server

VM Arguments:
java_command: <unknown>
java_class_path (initial): <not set>
Launcher Type: SUN_STANDARD

[Global flags]
     intx CICompilerCount                          = 4                                         {product} {ergonomic}
     uint ConcGCThreads                            = 3                                         {product} {ergonomic}
     uint G1ConcRefinementThreads                  = 10                                        {product} {ergonomic}
   size_t G1HeapRegionSize                         = 1048576                                   {product} {ergonomic}
    uintx GCDrainStackTargetSize                   = 64                                        {product} {ergonomic}
   size_t InitialHeapSize                          = 123731968                                 {product} {ergonomic}
   size_t MarkStackSize                            = 4194304                                   {product} {ergonomic}
   size_t MaxHeapSize                              = 1979711488                                {product} {ergonomic}
   size_t MinHeapDeltaBytes                        = 1048576                                   {product} {ergonomic}
   size_t MinHeapSize                              = 8388608                                   {product} {ergonomic}
    uintx NonNMethodCodeHeapSize                   = 5839372                                {pd product} {ergonomic}
    uintx NonProfiledCodeHeapSize                  = 122909434                              {pd product} {ergonomic}
    uintx ProfiledCodeHeapSize                     = 122909434                              {pd product} {ergonomic}
    uintx ReservedCodeCacheSize                    = 251658240                              {pd product} {ergonomic}
     bool SegmentedCodeCache                       = true                                      {product} {ergonomic}
   size_t SoftMaxHeapSize                          = 1979711488                             {manageable} {ergonomic}
     bool UseCompressedClassPointers               = true                           {product lp64_product} {ergonomic}
     bool UseCompressedOops                        = true                           {product lp64_product} {ergonomic}
     bool UseG1GC                                  = true                                      {product} {ergonomic}
     bool UseLargePagesIndividualAllocation        = false                                  {pd product} {ergonomic}

Logging:
Log output configuration:
 #0: stdout all=warning uptime,level,tags
 #1: stderr all=off uptime,level,tags

Environment Variables:
JAVA_HOME=C:\Program Files\Java\jdk-17.0.1
PATH=C:\Program Files\Scripts\;C:\Program Files\;C:\Program Files\Common Files\Oracle\Java\javapath;C:\Program Files (x86)\Common Files\Oracle\Java\javapath;C:\Windows\system32;C:\Windows;C:\Windows\System32\Wbem;C:\Windows\System32\WindowsPowerShell\v1.0\;C:\Windows\System32\OpenSSH\;C:\Program Files (x86)\NVIDIA Corporation\PhysX\Common;C:\WINDOWS\system32;C:\WINDOWS;C:\WINDOWS\System32\Wbem;C:\WINDOWS\System32\WindowsPowerShell\v1.0\;C:\WINDOWS\System32\OpenSSH\C:\Program Files\Java\jdk-17.0.1\bin;C:\MinGW\bin;C:\Program Files\MySQL\MySQL Server 8.0\bin;C:\WINDOWS\System32\OpenSSH\;C:\Program Files\dotnet\;C:\Program Files (x86)\Windows Kits\10\Windows Performance Toolkit\;C:\Program Files\Microsoft SQL Server\150\Tools\Binn\;C:\Program Files\Microsoft SQL Server\Client SDK\ODBC\170\Tools\Binn\;C:\Program Files (x86)\Microsoft SQL Server\160\Tools\Binn\;C:\Program Files\Microsoft SQL Server\160\Tools\Binn\;C:\Program Files\Microsoft SQL Server\160\DTS\Binn\;C:\Program Files (x86)\Microsoft SQL Server\160\DTS\Binn\;C:\Program Files\Azure Data Studio\bin;C:\Program Files\Graphviz\bin;C:\Program Files\Git\cmd;C:\Users\91701\AppData\Local\nvm;C:\nvm4w\nodejs;C:\Program Files\nodejs\;C:\Program Files\NVIDIA Corporation\NVIDIA App\NvDLISR;C:\Program Files\MySQL\MySQL Shell 8.0\bin\;C:\Users\91701\AppData\Local\Microsoft\WindowsApps;C:\MinGW\bin;C:\Users\91701\AppData\Local\Programs\Microsoft VS Code\bin;C:\Users\91701\.dotnet\tools;C:\Program Files\Azure Data Studio\bin;C:\Windows\System32\WindowsPowerShell\v1.0\C:\Users\91701\AppData\Roaming\Python\Python312\Scripts;C:\Users\91701\Desktop\n;C:\Users\91701\AppData\Roaming\Python\Python312\Scripts;C:\Program Files;C:\Program Files\Scripts;c:\users\91701\appdata\roaming\python\python312\site-packages;C:\Program Files\Graphviz;C:\Program Files\Graphviz\bin;'C:\Users\91701\AppData\Local\Packages\PythonSoftwareFoundation.Python.3.10_qbz5n2kfra8p0\LocalCache\local-packages\Python310\Scripts;C:\tensorflow;C:\Program Files\JetBra
USERNAME=91701
OS=Windows_NT
PROCESSOR_IDENTIFIER=AMD64 Family 23 Model 96 Stepping 1, AuthenticAMD



---------------  S Y S T E M  ---------------

OS:
 Windows 10 , 64 bit Build 22621 (10.0.22621.5415)
OS uptime: 0 days 19:44 hours

CPU: total 12 (initial active 12) (12 cores per cpu, 2 threads per core) family 23 model 96 stepping 1 microcode 0x0, cx8, cmov, fxsr, ht, mmx, 3dnowpref, sse, sse2, sse3, ssse3, sse4a, sse4.1, sse4.2, popcnt, lzcnt, tsc, tscinvbit, avx, avx2, aes, clmul, bmi1, bmi2, adx, sha, fma, vzeroupper, clflush, clflushopt

Memory: 4k page, system-wide physical 7549M (432M free)
TotalPageFile size 19837M (AvailPageFile size 82M)
current process WorkingSet (physical memory assigned to process): 11M, peak: 11M
current process commit charge ("private bytes"): 64M, peak: 182M

vm_info: Java HotSpot(TM) 64-Bit Server VM (17.0.1+12-LTS-39) for windows-amd64 JRE (17.0.1+12-LTS-39), built on Sep 27 2021 18:41:35 by "mach5one" with MS VC++ 16.8 (VS2019)

END.
